0.051218 56
0.946129 1
0.164906 1
0.116744 1
0.161027 3
0.388229 2
0.082447 36
0.013703 560
0.003395 70
0.000422 423
0.057132 59
0.005561 454
0.023770 478
0.912184 478
0.999006 478
1.000270 478
0.057168 478
0.397102 1342
0.000341 73
0.094506 59
1.365788 1406
0.000235 143
0.054104 478
0.132381 1406
0.147028 1406
0.136497 1406
0.042056 478
0.072273 1406
0.141277 1406
0.145245 1406
0.158810 1406
0.157943 1406
0.174284 1406
0.250995 138
0.253449 478
0.919130 1
0.175171 1
0.098622 1
0.027518 478
0.051318 478
0.046905 1
0.128723 1
0.214766 1
0.441453 1
0.108459 1
0.008722 478
0.084198 1
0.085638 1
0.172274 1
0.656816 478
0.043751 1
0.001163 478
0.310180 1
0.184602 1
0.299870 1
0.160748 478
0.056784 478
0.029416 1
0.239449 1
0.284650 1
0.390055 478
0.135912 1
0.321953 1
0.206690 1
0.228866 1
0.104456 478
0.566570 7
0.172489 29
0.261942 478
0.998854 478
0.035842 7
0.026613 478
0.261412 60
0.021368 498
0.223786 1
0.087420 1
0.113659 1
0.022519 1
0.133407 1
0.076477 478
0.012528 1
0.039471 478
0.049284 1
0.246789 7
0.050861 26
0.599058 478
0.326508 7
0.066840 498
0.747276 1
0.094555 1
0.040556 1
0.063325 1
0.187361 5
0.217858 1
0.082375 1
0.172591 478
0.080177 1
0.922668 478
0.066867 478
0.708725 7
0.013393 498
1.212709 478
1.001120 478
0.055689 478
0.196478 1
0.177151 1
0.219080 1
0.090454 2
0.235852 7
0.025070 478
0.000227 325
0.041686 179
0.957827 478
0.050720 478
0.400910 478
1.548976 478
0.059226 1751
0.001147 221
0.024465 59
0.917041 479
0.060236 479
0.434819 1
0.174156 1
0.105324 1
0.169134 1
0.052887 479
0.051782 1
0.206456 1
0.239448 1
0.094182 1
0.075361 1
0.086516 1
0.143060 1
0.105037 479
0.047798 479
0.464695 1
0.237977 1
0.234358 1
0.017545 479
0.441666 1
0.217609 1
0.190763 1
0.149290 479
0.490696 1
0.221726 1
0.284935 479
0.055045 479
0.496371 1
0.207190 1
0.145718 1
0.096966 479
0.866327 8
0.132459 479
0.050051 479
0.005240 29
0.946755 479
0.023718 8
0.044189 479
0.271069 61
0.025400 499
0.191966 1
0.094328 1
0.098334 1
0.043637 1
0.128892 1
0.076786 479
0.015675 1
0.095434 1
0.204059 8
0.050348 26
0.635965 479
0.172890 8
0.070578 499
0.496537 1
0.109756 1
0.148655 479
0.055139 480
0.062327 2
0.885629 479
0.061684 479
0.386233 135
0.221734 8
0.023786 245
0.025515 180
0.282033 479
1.000818 479
0.998829 479
1.003207 479
0.999481 479
0.064395 479
0.929303 594
0.000518 36
0.009328 479
0.074970 479
0.001341 20
0.921624 479
0.496264 916
0.000913 99
0.042498 20
0.462114 480
0.673869 1096
0.325873 479
0.997992 479
0.073510 479
0.081734 1770
0.000408 99
0.043894 20
0.801320 480
0.053624 480
0.478267 1303
1.467915 478
1.000245 478
0.055616 478
0.117881 593
0.000678 35
0.044472 20
0.782909 479
0.049645 479
0.477627 915
0.001088 99
0.039165 20
0.430207 480
0.866231 1094
0.133831 478
1.003564 478
0.008577 976
0.001153 775
0.000493 99
0.052316 20
0.934887 479
0.661122 1839
0.338460 478
0.060224 478
0.447951 1
0.306338 1
0.185113 478
0.060804 478
0.238044 3
0.134165 3
0.219017 1
0.100571 1
0.158173 1
0.089305 478
0.263320 3
0.045192 1
0.085261 1
0.150257 1
0.180591 1
0.247230 1
0.029028 478
0.086322 1
0.145476 1
0.088919 1
0.281613 1
0.397880 478
0.333542 1
0.205375 1
0.121687 1
0.125518 1
0.212742 478
0.061378 478
0.045018 1
0.128517 1
0.766348 478
0.092891 1
0.169139 1
0.107464 1
0.081717 1
0.059731 1
0.235283 1
0.190326 1
0.061179 478
0.730150 1
0.253175 1
0.017651 478
0.109344 1
0.419024 1
0.473722 478
0.024480 1
0.749744 1
0.213633 1
0.009029 478
0.060931 478
0.015041 1
0.135828 1
0.110221 1
0.166992 1
0.514400 478
0.950857 1
0.045478 478
0.055342 478
0.163025 1
0.254077 1
0.459036 1
0.069111 478
0.008935 1
0.137176 1
0.128181 1
0.726711 478
0.212328 1
0.790363 478
0.067788 478
0.033479 159
0.682580 10
0.217747 478
0.062321 1
0.011776 478
0.183832 1
0.741719 478
0.468039 1
0.533677 478
0.145501 1
0.854520 478
0.063363 478
0.194405 1
0.424869 1
0.107688 159
0.209264 478
0.017515 1
0.031919 478
0.294541 1
0.202368 1
0.240627 1
0.213829 478
0.268315 1
0.225871 1
0.400977 1
0.100493 478
0.081870 1
0.179997 1
0.742027 478
0.559947 1
0.426435 1
0.013021 478
0.054891 478
0.946818 478
0.047400 478
0.332775 7
0.621669 478
0.355532 1820
0.645678 479
0.506340 1
0.498393 479
0.056930 479
0.168056 1
0.116175 1
0.103014 1
0.129293 1
0.109273 3
0.194069 1
0.092515 1
0.032946 479
0.129046 1
0.124683 1
0.119711 1
0.091981 1
0.267940 1
0.218510 1
0.048249 479
0.043167 479
0.088544 1
0.804422 1
0.064482 479
0.057250 1
0.033618 1
0.102424 1
0.101189 1
0.125287 1
0.151712 1
0.241002 1
0.188842 479
0.415560 1
0.320274 1
0.206121 1
0.056675 479
0.085857 1
0.155965 1
0.130044 1
0.112494 1
0.187708 1
0.213043 1
0.115496 480
0.193423 1
0.260332 7
0.550384 478
0.057995 478
0.449297 478
0.145094 852
0.994526 1850
0.349693 479
0.392570 1
0.140237 1
0.288670 1
0.082584 1
0.096796 479
0.083314 1
0.192454 1
0.313599 1
0.092548 1
0.118571 1
0.088864 1
0.108375 479
0.067707 1
0.232348 1
0.208419 1
0.089750 1
0.146159 1
0.257150 479
0.069903 479
0.099402 1
0.065604 1
0.758505 1
0.008555 479
0.120266 1
0.122855 1
0.093585 1
0.069410 1
0.223834 1
0.192809 1
0.177090 479
0.333249 1
0.225217 1
0.128132 1
0.292896 1
0.021131 479
0.561024 1
0.437970 479
0.011398 1
0.124862 1
0.071228 1
0.122519 1
0.089593 1
0.163558 1
0.417851 479
0.066806 479
0.629484 1
0.280902 3
0.021505 479
0.047745 479
0.169502 1
0.226398 1
0.332356 1
0.225662 479
0.128468 1
0.080264 1
0.151097 1
0.084830 1
0.553914 479
0.161370 1
0.334504 11
0.246234 1
0.123434 1
0.133203 479
0.057209 479
0.515577 1
0.429773 479
0.053193 479
0.785267 1
0.160924 479
0.998160 479
0.319127 1
0.197522 1
0.194373 1
0.290682 479
0.041224 1
0.019382 479
0.163867 1
0.219805 1
0.245269 1
0.155070 1
0.153275 479
0.107285 1
0.185980 1
0.149289 1
0.558754 479
0.053036 479
0.340421 1
0.406065 1
0.201007 479
1.000144 479
0.247451 8
0.754624 479
0.909259 1830
0.092763 480
0.570215 1
0.199859 1
0.107287 1
0.121470 480
0.007032 1
0.051689 480
0.088260 1
0.121948 3
0.164871 1
0.108012 1
0.166471 1
0.119511 1
0.120093 1
0.053027 480
0.050998 480
0.000019 1
0.227142 1
0.216857 1
0.157003 1
0.348814 480
0.427125 1
0.233884 1
0.061497 1
0.087592 1
0.102339 1
0.092722 480
0.133858 1
0.115737 1
0.336396 1
0.417655 480
0.033314 1
0.034337 480
0.263827 3
0.085250 1
0.266078 1
0.200847 1
0.121079 480
0.021450 1
0.026349 480
0.136124 1
0.126085 1
0.125299 1
0.254403 1
0.217547 1
0.092278 480
0.042896 1
0.205273 1
0.442849 8
0.313814 479
1.006247 479
0.413816 1303
0.855923 1875
0.452572 1646
0.277984 479
0.060259 479
0.527947 1
0.081979 1
0.168740 1
0.090893 1
0.073146 479
0.095956 1
0.466032 1
0.137591 1
0.151548 1
0.096541 1
0.048444 479
0.105222 1
0.222956 1
0.260775 1
0.183345 1
0.096130 1
0.106685 1
0.028855 479
0.309849 1
0.078696 1
0.340654 1
0.148659 1
0.091122 1
0.028448 479
0.043239 479
0.038246 1
0.103185 1
0.196971 1
0.204747 1
0.279161 160
0.032591 1
0.100341 479
0.047125 479
0.063433 1
0.121964 1
0.402406 1
0.373673 479
0.008123 1
0.328266 1
0.148755 1
0.024365 1
0.141313 1
0.093878 1
0.153306 1
0.105066 479
0.830820 1
0.172251 479
0.057107 479
0.946359 479
0.770944 1
0.229854 479
0.050198 479
0.701674 1
0.250122 480
0.101271 1
0.146395 1
0.078910 1
0.674025 479
0.057960 1
0.214457 11
0.232358 1
0.101744 1
0.305854 1
0.093067 479
1.001722 479
0.062873 479
0.024225 1
0.910113 479
0.050863 479
0.168408 160
0.148495 1
0.219095 1
0.413970 479
0.002294 1
0.707766 1
0.190205 1
0.100749 479
0.093739 1
0.256180 1
0.186411 1
0.306764 1
0.161765 479
0.141794 1
0.168991 1
0.569469 1
0.117847 479
0.063930 479
0.453811 1
0.481639 479
0.050891 479
0.555333 8
0.396854 479
0.639290 1857
0.365720 480
0.167194 1
0.225631 1
0.067419 1
0.146636 1
0.099670 1
0.154233 3
0.141337 480
0.087732 1
0.100686 1
0.449987 1
0.240742 1
0.121781 480
0.005829 1
0.095282 1
0.277547 1
0.225414 1
0.158942 1
0.237486 480
0.060313 480
0.450724 1
0.367597 1
0.060454 1
0.064729 480
0.058134 1
0.089478 1
0.853837 480
0.106174 1
0.218998 1
0.577383 1
0.097842 480
0.369044 1
0.248251 1
0.186131 1
0.133684 1
0.060993 480
0.094013 1
0.133418 1
0.131516 1
0.227176 1
0.230080 1
0.128115 1
0.056527 480
0.051335 480
0.171524 1
0.408793 8
0.368870 479
0.849889 479
0.174533 851
0.502363 479
0.557700 1677
0.665987 1874
0.248709 479
0.559655 1
0.441637 479
0.053294 479
0.129793 1
0.116977 1
0.083774 1
0.199715 1
0.238364 1
0.177868 479
0.042481 1
0.017046 479
0.112889 1
0.124066 1
0.117409 1
0.585251 479
0.067232 3
0.152201 3
0.126110 3
0.095306 1
0.161786 1
0.139177 1
0.260092 479
0.042315 1
0.426133 1
0.202988 1
0.134230 1
0.164935 1
0.028463 479
0.375288 1
0.100519 1
0.475968 1
0.048135 479
0.050365 479
0.291663 1
0.081211 1
0.108595 1
0.065586 1
0.207262 1
0.196724 479
0.054797 1
0.440607 1
0.212146 1
0.152747 1
0.141158 479
0.227564 1
0.361036 1
0.379680 1
0.037793 479
0.285930 1
0.148937 1
0.115719 1
0.112823 1
0.171215 1
0.164793 479
0.059234 479
0.482871 1
0.464526 479
0.049882 479
0.571109 1
0.378090 479
0.338574 1
0.195964 1
0.095239 1
0.131253 1
0.088810 1
0.148482 479
0.053752 479
0.578046 1
0.277626 11
0.092919 479
0.386753 215
0.302154 11
0.180988 1
0.113158 1
0.020761 479
0.119283 1
0.103356 1
0.138908 1
0.524114 1
0.112651 479
0.053582 479
0.570151 1
0.377034 479
0.877559 1
0.124344 479
0.034858 1
0.027633 479
0.063950 1
0.114102 1
0.158303 1
0.517605 1
0.081076 479
0.109486 1
0.134206 1
0.757336 479
0.625288 1
0.376087 479
0.056354 479
0.756590 8
0.184218 479
0.885370 1866
0.117083 480
0.179385 1
0.222393 1
0.084346 1
0.151422 1
0.096513 1
0.133799 3
0.132222 480
0.065349 1
0.104673 1
0.466293 1
0.165786 1
0.106148 1
0.092078 480
0.018825 1
0.287902 1
0.184528 1
0.242077 1
0.264980 480
0.065406 480
0.270372 1
0.235686 1
0.064372 1
0.089009 1
0.093928 1
0.180547 480
0.213586 1
0.301560 1
0.485537 480
0.016492 1
0.209381 1
0.318090 1
0.175989 1
0.129135 1
0.152046 480
0.010358 1
0.129501 1
0.128574 1
0.238819 1
0.218155 1
0.142710 1
0.132747 480
0.075198 1
0.492681 8
0.429712 479
0.062822 479
0.363179 1313
0.854031 159
0.711422 1
0.008470 478
1.002385 478
0.055106 1
0.174048 1
0.770365 478
0.056762 1
0.297234 1
0.381871 1
0.265283 478
0.060394 478
0.231353 1
0.192454 1
0.216330 1
0.284314 1
0.012871 478
0.176887 1
0.325797 1
0.220636 1
0.240474 159
0.040567 478
0.149238 1
0.564964 1
0.281131 478
0.076015 5
0.660855 992
0.264621 475
0.999810 475
0.067791 475
0.656069 1023
0.277902 475
0.998394 475
0.727503 835
0.272764 475
1.000313 475
0.735077 836
0.265166 475
0.069351 475
0.929641 475
0.999903 475
1.000331 475
0.723213 464
0.002110 5
0.000956 478
0.000257 481
0.002703 559
0.000895 1049
0.001220 590
0.000429 1040
0.038412 479
0.000213 479
0.000845 580
0.003056 560
0.226396 475
0.241138 1013
0.001868 461
0.757897 475
0.725551 475
0.251708 77
0.000380 29
0.001305 56
0.388286 1
0.224491 1
0.123494 1
0.148719 1
0.220950 2
0.000159 6
